<?xml version="1.0" encoding="UTF-8"?>
<!-- Generated by org.testng.reporters.JUnitReportReporter -->
<testsuite skipped="0" hostname="DESKTOP-J4P07RR" name="test.DPTest2" tests="4" failures="0" timestamp="2022-06-25T20:28:44 IST" time="13.407" errors="0">
  <testcase name="loginTest" time="0.527" classname="test.DPTest2"/>
  <system-out/>
  <testcase name="loginTest" time="0.944" classname="test.DPTest2"/>
  <system-out/>
  <testcase name="loginTest" time="11.570" classname="test.DPTest2"/>
  <system-out/>
  <testcase name="loginTest" time="0.366" classname="test.DPTest2"/>
  <system-out/>
</testsuite> <!-- test.DPTest2 -->
